# JRE version: Java(TM) SE Runtime Environment (7.0_67-b01) (build 1.7.0_67-b01)
# Java VM: Java HotSpot(TM) 64-Bit Server VM (24.65-b04 mixed mode windows-amd64 compressed oops)
Heap
 PSYoungGen      total 341504K, used 206411K [0x00000000eb200000, 0x0000000100000000, 0x0000000100000000)
  eden space 340992K, 60% used [0x00000000eb200000,0x00000000f7b7ac18,0x00000000fff00000)
  from space 512K, 18% used [0x00000000fff00000,0x00000000fff18000,0x00000000fff80000)
  to   space 512K, 0% used [0x00000000fff80000,0x00000000fff80000,0x0000000100000000)
 ParOldGen       total 42496K, used 4503K [0x00000000c1600000, 0x00000000c3f80000, 0x00000000eb200000)
  object space 42496K, 10% used [0x00000000c1600000,0x00000000c1a65ed0,0x00000000c3f80000)
 PSPermGen       total 21504K, used 10479K [0x00000000bc400000, 0x00000000bd900000, 0x00000000c1600000)
  object space 21504K, 48% used [0x00000000bc400000,0x00000000bce3bfa0,0x00000000bd900000)
GC Heap History (10 events):
Event: 47.840 GC heap before
{Heap before GC invocations=605 (full 0):
 PSYoungGen      total 341504K, used 341024K [0x00000000eb200000, 0x0000000100000000, 0x0000000100000000)
  eden space 340992K, 100% used [0x00000000eb200000,0x00000000fff00000,0x00000000fff00000)
  from space 512K, 6% used [0x00000000fff80000,0x00000000fff88000,0x0000000100000000)
  to   space 512K, 0% used [0x00000000fff00000,0x00000000fff00000,0x00000000fff80000)
 ParOldGen       total 42496K, used 4231K [0x00000000c1600000, 0x00000000c3f80000, 0x00000000eb200000)
  object space 42496K, 9% used [0x00000000c1600000,0x00000000c1a21ed0,0x00000000c3f80000)
 PSPermGen       total 21504K, used 10246K [0x00000000bc400000, 0x00000000bd900000, 0x00000000c1600000)
  object space 21504K, 47% used [0x00000000bc400000,0x00000000bce018d0,0x00000000bd900000)
Event: 47.841 GC heap after
Heap after GC invocations=605 (full 0):
 PSYoungGen      total 341504K, used 128K [0x00000000eb200000, 0x0000000100000000, 0x0000000100000000)
  eden space 340992K, 0% used [0x00000000eb200000,0x00000000eb200000,0x00000000fff00000)
  from space 512K, 25% used [0x00000000fff00000,0x00000000fff20000,0x00000000fff80000)
  to   space 512K, 0% used [0x00000000fff80000,0x00000000fff80000,0x0000000100000000)
 ParOldGen       total 42496K, used 4231K [0x00000000c1600000, 0x00000000c3f80000, 0x00000000eb200000)
  object space 42496K, 9% used [0x00000000c1600000,0x00000000c1a21ed0,0x00000000c3f80000)
 PSPermGen       total 21504K, used 10246K [0x00000000bc400000, 0x00000000bd900000, 0x00000000c1600000)
  object space 21504K, 47% used [0x00000000bc400000,0x00000000bce018d0,0x00000000bd900000)
}
Event: 48.174 GC heap before
{Heap before GC invocations=606 (full 0):
 PSYoungGen      total 341504K, used 341120K [0x00000000eb200000, 0x0000000100000000, 0x0000000100000000)
  eden space 340992K, 100% used [0x00000000eb200000,0x00000000fff00000,0x00000000fff00000)
  from space 512K, 25% used [0x00000000fff00000,0x00000000fff20000,0x00000000fff80000)
  to   space 512K, 0% used [0x00000000fff80000,0x00000000fff80000,0x0000000100000000)
 ParOldGen       total 42496K, used 4231K [0x00000000c1600000, 0x00000000c3f80000, 0x00000000eb200000)
  object space 42496K, 9% used [0x00000000c1600000,0x00000000c1a21ed0,0x00000000c3f80000)
 PSPermGen       total 21504K, used 10305K [0x00000000bc400000, 0x00000000bd900000, 0x00000000c1600000)
  object space 21504K, 47% used [0x00000000bc400000,0x00000000bce10648,0x00000000bd900000)
Event: 48.175 GC heap after
Heap after GC invocations=606 (full 0):
 PSYoungGen      total 341504K, used 395K [0x00000000eb200000, 0x0000000100000000, 0x0000000100000000)
  eden space 340992K, 0% used [0x00000000eb200000,0x00000000eb200000,0x00000000fff00000)
  from space 512K, 77% used [0x00000000fff80000,0x00000000fffe2f88,0x0000000100000000)
  to   space 512K, 0% used [0x00000000fff00000,0x00000000fff00000,0x00000000fff80000)
 ParOldGen       total 42496K, used 4239K [0x00000000c1600000, 0x00000000c3f80000, 0x00000000eb200000)
  object space 42496K, 9% used [0x00000000c1600000,0x00000000c1a23ed0,0x00000000c3f80000)
 PSPermGen       total 21504K, used 10305K [0x00000000bc400000, 0x00000000bd900000, 0x00000000c1600000)
  object space 21504K, 47% used [0x00000000bc400000,0x00000000bce10648,0x00000000bd900000)
}
Event: 48.418 GC heap before
{Heap before GC invocations=607 (full 0):
 PSYoungGen      total 341504K, used 341387K [0x00000000eb200000, 0x0000000100000000, 0x0000000100000000)
  eden space 340992K, 100% used [0x00000000eb200000,0x00000000fff00000,0x00000000fff00000)
  from space 512K, 77% used [0x00000000fff80000,0x00000000fffe2f88,0x0000000100000000)
  to   space 512K, 0% used [0x00000000fff00000,0x00000000fff00000,0x00000000fff80000)
 ParOldGen       total 42496K, used 4239K [0x00000000c1600000, 0x00000000c3f80000, 0x00000000eb200000)
  object space 42496K, 9% used [0x00000000c1600000,0x00000000c1a23ed0,0x00000000c3f80000)
 PSPermGen       total 21504K, used 10305K [0x00000000bc400000, 0x00000000bd900000, 0x00000000c1600000)
  object space 21504K, 47% used [0x00000000bc400000,0x00000000bce10648,0x00000000bd900000)
Event: 48.427 GC heap after
Heap after GC invocations=607 (full 0):
 PSYoungGen      total 341504K, used 32K [0x00000000eb200000, 0x0000000100000000, 0x0000000100000000)
  eden space 340992K, 0% used [0x00000000eb200000,0x00000000eb200000,0x00000000fff00000)
  from space 512K, 6% used [0x00000000fff00000,0x00000000fff08000,0x00000000fff80000)
  to   space 512K, 0% used [0x00000000fff80000,0x00000000fff80000,0x0000000100000000)
 ParOldGen       total 42496K, used 4495K [0x00000000c1600000, 0x00000000c3f80000, 0x00000000eb200000)
  object space 42496K, 10% used [0x00000000c1600000,0x00000000c1a63ed0,0x00000000c3f80000)
 PSPermGen       total 21504K, used 10305K [0x00000000bc400000, 0x00000000bd900000, 0x00000000c1600000)
  object space 21504K, 47% used [0x00000000bc400000,0x00000000bce10648,0x00000000bd900000)
}
Event: 48.742 GC heap before
{Heap before GC invocations=608 (full 0):
 PSYoungGen      total 341504K, used 341024K [0x00000000eb200000, 0x0000000100000000, 0x0000000100000000)
  eden space 340992K, 100% used [0x00000000eb200000,0x00000000fff00000,0x00000000fff00000)
  from space 512K, 6% used [0x00000000fff00000,0x00000000fff08000,0x00000000fff80000)
  to   space 512K, 0% used [0x00000000fff80000,0x00000000fff80000,0x0000000100000000)
 ParOldGen       total 42496K, used 4495K [0x00000000c1600000, 0x00000000c3f80000, 0x00000000eb200000)
  object space 42496K, 10% used [0x00000000c1600000,0x00000000c1a63ed0,0x00000000c3f80000)
 PSPermGen       total 21504K, used 10305K [0x00000000bc400000, 0x00000000bd900000, 0x00000000c1600000)
  object space 21504K, 47% used [0x00000000bc400000,0x00000000bce10648,0x00000000bd900000)
Event: 48.744 GC heap after
Heap after GC invocations=608 (full 0):
 PSYoungGen      total 341504K, used 64K [0x00000000eb200000, 0x0000000100000000, 0x0000000100000000)
  eden space 340992K, 0% used [0x00000000eb200000,0x00000000eb200000,0x00000000fff00000)
  from space 512K, 12% used [0x00000000fff80000,0x00000000fff90000,0x0000000100000000)
  to   space 512K, 0% used [0x00000000fff00000,0x00000000fff00000,0x00000000fff80000)
 ParOldGen       total 42496K, used 4495K [0x00000000c1600000, 0x00000000c3f80000, 0x00000000eb200000)
  object space 42496K, 10% used [0x00000000c1600000,0x00000000c1a63ed0,0x00000000c3f80000)
 PSPermGen       total 21504K, used 10305K [0x00000000bc400000, 0x00000000bd900000, 0x00000000c1600000)
  object space 21504K, 47% used [0x00000000bc400000,0x00000000bce10648,0x00000000bd900000)
}
Event: 49.059 GC heap before
{Heap before GC invocations=609 (full 0):
 PSYoungGen      total 341504K, used 341056K [0x00000000eb200000, 0x0000000100000000, 0x0000000100000000)
  eden space 340992K, 100% used [0x00000000eb200000,0x00000000fff00000,0x00000000fff00000)
  from space 512K, 12% used [0x00000000fff80000,0x00000000fff90000,0x0000000100000000)
  to   space 512K, 0% used [0x00000000fff00000,0x00000000fff00000,0x00000000fff80000)
 ParOldGen       total 42496K, used 4495K [0x00000000c1600000, 0x00000000c3f80000, 0x00000000eb200000)
  object space 42496K, 10% used [0x00000000c1600000,0x00000000c1a63ed0,0x00000000c3f80000)
 PSPermGen       total 21504K, used 10305K [0x00000000bc400000, 0x00000000bd900000, 0x00000000c1600000)
  object space 21504K, 47% used [0x00000000bc400000,0x00000000bce10648,0x00000000bd900000)
Event: 49.067 GC heap after
Heap after GC invocations=609 (full 0):
 PSYoungGen      total 341504K, used 96K [0x00000000eb200000, 0x0000000100000000, 0x0000000100000000)
  eden space 340992K, 0% used [0x00000000eb200000,0x00000000eb200000,0x00000000fff00000)
  from space 512K, 18% used [0x00000000fff00000,0x00000000fff18000,0x00000000fff80000)
  to   space 512K, 0% used [0x00000000fff80000,0x00000000fff80000,0x0000000100000000)
 ParOldGen       total 42496K, used 4503K [0x00000000c1600000, 0x00000000c3f80000, 0x00000000eb200000)
  object space 42496K, 10% used [0x00000000c1600000,0x00000000c1a65ed0,0x00000000c3f80000)
 PSPermGen       total 21504K, used 10305K [0x00000000bc400000, 0x00000000bd900000, 0x00000000c1600000)
  object space 21504K, 47% used [0x00000000bc400000,0x00000000bce10648,0x00000000bd900000)
}

